<?xml version="1.0" encoding="UTF-8"?>
<!-- Generated by org.testng.reporters.JUnitReportReporter -->
<testsuite hostname="DESKTOP-NDH5QKA" name="guru99.gittest.AppTest" tests="1" failures="0" timestamp="7 Oct 2018 13:52:41 GMT" time="31.380" errors="0">
  <testcase name="guru99tutorials" time="31.380" classname="guru99.gittest.AppTest"/>
</testsuite> <!-- guru99.gittest.AppTest -->
