<?xml version="1.0" encoding="UTF-8"?>
<!-- Generated by org.testng.reporters.JUnitReportReporter -->
<testsuite hostname="DESKTOP-NDH5QKA" name="guru99.gittest.AppTest" tests="1" failures="0" timestamp="29 Nov 2018 20:54:55 GMT" time="43.692" errors="0">
  <testcase name="guru99tutorials" time="43.692" classname="guru99.gittest.AppTest"/>
</testsuite> <!-- guru99.gittest.AppTest -->
